{"/Users/sashank/Projects/hashmap/src/hm.js": {"path":"/Users/sashank/Projects/hashmap/src/hm.js","statementMap":{"0":{"start":{"line":8,"column":39},"end":{"line":null,"column":-1}},"1":{"start":{"line":9,"column":4},"end":{"line":null,"column":-1}},"2":{"start":{"line":10,"column":4},"end":{"line":null,"column":-1}},"3":{"start":{"line":20,"column":34},"end":{"line":null,"column":-1}},"4":{"start":{"line":21,"column":4},"end":{"line":null,"column":-1}},"5":{"start":{"line":22,"column":4},"end":{"line":null,"column":-1}},"6":{"start":{"line":23,"column":4},"end":{"line":null,"column":-1}},"7":{"start":{"line":41,"column":4},"end":{"line":null,"column":-1}},"8":{"start":{"line":45,"column":18},"end":{"line":45,"column":4}},"9":{"start":{"line":46,"column":24},"end":{"line":46,"column":4}},"10":{"start":{"line":48,"column":22},"end":{"line":48,"column":4}},"11":{"start":{"line":49,"column":4},"end":{"line":56,"column":5}},"12":{"start":{"line":50,"column":6},"end":{"line":53,"column":7}},"13":{"start":{"line":51,"column":8},"end":{"line":null,"column":-1}},"14":{"start":{"line":52,"column":8},"end":{"line":null,"column":-1}},"15":{"start":{"line":55,"column":6},"end":{"line":null,"column":-1}},"16":{"start":{"line":58,"column":4},"end":{"line":60,"column":5}},"17":{"start":{"line":59,"column":6},"end":{"line":null,"column":-1}},"18":{"start":{"line":62,"column":4},"end":{"line":null,"column":-1}},"19":{"start":{"line":63,"column":26},"end":{"line":63,"column":4}},"20":{"start":{"line":64,"column":4},"end":{"line":null,"column":-1}},"21":{"start":{"line":65,"column":4},"end":{"line":null,"column":-1}},"22":{"start":{"line":67,"column":4},"end":{"line":null,"column":-1}},"23":{"start":{"line":71,"column":18},"end":{"line":71,"column":4}},"24":{"start":{"line":73,"column":15},"end":{"line":73,"column":4}},"25":{"start":{"line":74,"column":4},"end":{"line":79,"column":5}},"26":{"start":{"line":75,"column":6},"end":{"line":77,"column":7}},"27":{"start":{"line":76,"column":8},"end":{"line":null,"column":-1}},"28":{"start":{"line":78,"column":6},"end":{"line":null,"column":-1}},"29":{"start":{"line":81,"column":4},"end":{"line":null,"column":-1}},"30":{"start":{"line":85,"column":18},"end":{"line":85,"column":4}},"31":{"start":{"line":86,"column":17},"end":{"line":86,"column":4}},"32":{"start":{"line":88,"column":4},"end":{"line":90,"column":5}},"33":{"start":{"line":89,"column":6},"end":{"line":null,"column":-1}},"34":{"start":{"line":92,"column":4},"end":{"line":97,"column":5}},"35":{"start":{"line":93,"column":20},"end":{"line":93,"column":6}},"36":{"start":{"line":94,"column":6},"end":{"line":null,"column":-1}},"37":{"start":{"line":95,"column":6},"end":{"line":null,"column":-1}},"38":{"start":{"line":96,"column":6},"end":{"line":null,"column":-1}},"39":{"start":{"line":99,"column":15},"end":{"line":99,"column":4}},"40":{"start":{"line":100,"column":15},"end":{"line":100,"column":4}},"41":{"start":{"line":101,"column":4},"end":{"line":109,"column":5}},"42":{"start":{"line":102,"column":6},"end":{"line":106,"column":7}},"43":{"start":{"line":103,"column":8},"end":{"line":null,"column":-1}},"44":{"start":{"line":104,"column":8},"end":{"line":null,"column":-1}},"45":{"start":{"line":105,"column":8},"end":{"line":null,"column":-1}},"46":{"start":{"line":107,"column":6},"end":{"line":null,"column":-1}},"47":{"start":{"line":108,"column":6},"end":{"line":null,"column":-1}},"48":{"start":{"line":111,"column":4},"end":{"line":null,"column":-1}},"49":{"start":{"line":115,"column":4},"end":{"line":null,"column":-1}},"50":{"start":{"line":27,"column":15},"end":{"line":27,"column":4}},"51":{"start":{"line":28,"column":4},"end":{"line":28,"column":26}},"52":{"start":{"line":28,"column":26},"end":{"line":null,"column":-1}},"53":{"start":{"line":30,"column":4},"end":{"line":36,"column":5}},"54":{"start":{"line":31,"column":19},"end":{"line":31,"column":6}},"55":{"start":{"line":33,"column":6},"end":{"line":null,"column":-1}},"56":{"start":{"line":34,"column":6},"end":{"line":null,"column":-1}},"57":{"start":{"line":37,"column":4},"end":{"line":null,"column":-1}}},"fnMap":{"0":{"name":"HashMap","decl":{"start":{"line":20,"column":2},"end":{"line":20,"column":13}},"loc":{"start":{"line":20,"column":34},"end":{"line":24,"column":3}}}},"branchMap":{"0":{"loc":{"start":{"line":50,"column":6},"end":{"line":53,"column":7}},"type":"if","locations":[{"start":{"line":50,"column":6},"end":{"line":53,"column":7}},{"start":{"line":50,"column":6},"end":{"line":53,"column":7}}]},"1":{"loc":{"start":{"line":58,"column":4},"end":{"line":60,"column":5}},"type":"if","locations":[{"start":{"line":58,"column":4},"end":{"line":60,"column":5}},{"start":{"line":58,"column":4},"end":{"line":60,"column":5}}]},"2":{"loc":{"start":{"line":75,"column":6},"end":{"line":77,"column":7}},"type":"if","locations":[{"start":{"line":75,"column":6},"end":{"line":77,"column":7}},{"start":{"line":75,"column":6},"end":{"line":77,"column":7}}]},"3":{"loc":{"start":{"line":88,"column":4},"end":{"line":90,"column":5}},"type":"if","locations":[{"start":{"line":88,"column":4},"end":{"line":90,"column":5}},{"start":{"line":88,"column":4},"end":{"line":90,"column":5}}]},"4":{"loc":{"start":{"line":92,"column":4},"end":{"line":97,"column":5}},"type":"if","locations":[{"start":{"line":92,"column":4},"end":{"line":97,"column":5}},{"start":{"line":92,"column":4},"end":{"line":97,"column":5}}]},"5":{"loc":{"start":{"line":102,"column":6},"end":{"line":106,"column":7}},"type":"if","locations":[{"start":{"line":102,"column":6},"end":{"line":106,"column":7}},{"start":{"line":102,"column":6},"end":{"line":106,"column":7}}]},"6":{"loc":{"start":{"line":28,"column":4},"end":{"line":28,"column":26}},"type":"if","locations":[{"start":{"line":28,"column":4},"end":{"line":28,"column":26}},{"start":{"line":28,"column":4},"end":{"line":28,"column":26}}]}},"s":{"0":5630,"1":5630,"2":5630,"3":18,"4":18,"5":18,"6":18,"7":26653,"8":14634,"9":14634,"10":14634,"11":14634,"12":12322,"13":2,"14":2,"15":12320,"16":14632,"17":9002,"18":5630,"19":5630,"20":5630,"21":5630,"22":5630,"23":1015,"24":1015,"25":1015,"26":1679,"27":1013,"28":666,"29":2,"30":11004,"31":11004,"32":11004,"33":4367,"34":6637,"35":1538,"36":1538,"37":1538,"38":1538,"39":5099,"40":5099,"41":5099,"42":4848,"43":463,"44":463,"45":463,"46":4385,"47":4385,"48":4636,"49":5,"50":26654,"51":26654,"52":1,"53":26653,"54":96916,"55":96916,"56":96916,"57":26653},"f":{"0":18},"b":{"0":[2,12320],"1":[9002,5630],"2":[1013,666],"3":[4367,6637],"4":[1538,5099],"5":[463,4385],"6":[1,26653]}}
}
