TN:
SF:/Users/sashank/Projects/hashmap/src/hm.js
FN:20,HashMap
FNF:1
FNH:1
FNDA:18,HashMap
DA:8,5630
DA:9,5630
DA:10,5630
DA:20,18
DA:21,18
DA:22,18
DA:23,18
DA:27,26654
DA:28,26654
DA:30,26653
DA:31,96916
DA:33,96916
DA:34,96916
DA:37,26653
DA:41,26653
DA:45,14634
DA:46,14634
DA:48,14634
DA:49,14634
DA:50,12322
DA:51,2
DA:52,2
DA:55,12320
DA:58,14632
DA:59,9002
DA:62,5630
DA:63,5630
DA:64,5630
DA:65,5630
DA:67,5630
DA:71,1015
DA:73,1015
DA:74,1015
DA:75,1679
DA:76,1013
DA:78,666
DA:81,2
DA:85,11004
DA:86,11004
DA:88,11004
DA:89,4367
DA:92,6637
DA:93,1538
DA:94,1538
DA:95,1538
DA:96,1538
DA:99,5099
DA:100,5099
DA:101,5099
DA:102,4848
DA:103,463
DA:104,463
DA:105,463
DA:107,4385
DA:108,4385
DA:111,4636
DA:115,5
LF:57
LH:57
BRDA:50,0,0,2
BRDA:50,0,1,12320
BRDA:58,1,0,9002
BRDA:58,1,1,5630
BRDA:75,2,0,1013
BRDA:75,2,1,666
BRDA:88,3,0,4367
BRDA:88,3,1,6637
BRDA:92,4,0,1538
BRDA:92,4,1,5099
BRDA:102,5,0,463
BRDA:102,5,1,4385
BRDA:28,6,0,1
BRDA:28,6,1,26653
BRF:14
BRH:14
end_of_record
